<?xml version="1.0" encoding="UTF-8"?>
<!-- Generated by org.testng.reporters.JUnitXMLReporter -->
<testsuite ignored="0" hostname="KairosHW0347" failures="1" tests="1" name="Test" time="6.592" errors="0" timestamp="2023-08-19T10:26:01 IST">
  <testcase classname="com.testscripts.TC_001Login" name="login" time="0.011">
    <failure type="java.lang.StackOverflowError">
      <![CDATA[java.lang.StackOverflowError
at com.testscripts.TC_001Login.login(TC_001Login.java:10)
at com.testscripts.TC_001Login.login(TC_001Login.java:10)
at com.testscripts.TC_001Login.login(TC_001Login.java:10)
at com.testscripts.TC_001Login.login(TC_001Login.java:10)
at com.testscripts.TC_001Login.login(TC_001Login.java:10)
at com.testscripts.TC_001Login.login(TC_001Login.java:10)
at com.testscripts.TC_001Login.login(TC_001Login.java:10)
at com.testscripts.TC_001Login.login(TC_001Login.java:10)
at com.testscripts.TC_001Login.login(TC_001Login.java:10)
at com.testscripts.TC_001Login.login(TC_001Login.java:10)
at com.testscripts.TC_001Login.login(TC_001Login.java:10)
at com.testscripts.TC_001Login.login(TC_001Login.java:10)
at com.testscripts.TC_001Login.login(TC_001Login.java:10)
at com.testscripts.TC_001Login.login(TC_001Login.java:10)
at com.testscripts.TC_001Login.login(TC_001Login.java:10)
at com.testscripts.TC_001Login.login(TC_001Login.java:10)
at com.testscripts.TC_001Login.login(TC_001Login.java:10)
at com.testscripts.TC_001Login.login(TC_001Login.java:10)
at com.testscripts.TC_001Login.login(TC_001Login.java:10)
at com.testscripts.TC_001Login.login(TC_001Login.java:10)
at com.testscripts.TC_001Login.login(TC_001Login.java:10)
at com.testscripts.TC_001Login.login(TC_001Login.java:10)
at com.testscripts.TC_001Login.login(TC_001Login.java:10)
at com.testscripts.TC_001Login.login(TC_001Login.java:10)
at com.testscripts.TC_001Login.login(TC_001Login.java:10)
at com.testscripts.TC_001Login.login(TC_001Login.java:10)
at com.testscripts.TC_001Login.login(TC_001Login.java:10)
at com.testscripts.TC_001Login.login(TC_001Login.java:10)
at com.testscripts.TC_001Login.login(TC_001Login.java:10)
at com.testscripts.TC_001Login.login(TC_001Login.java:10)
at com.testscripts.TC_001Login.login(TC_001Login.java:10)
at com.testscripts.TC_001Login.login(TC_001Login.java:10)
at com.testscripts.TC_001Login.login(TC_001Login.java:10)
at com.testscripts.TC_001Login.login(TC_001Login.java:10)
at com.testscripts.TC_001Login.login(TC_001Login.java:10)
at com.testscripts.TC_001Login.login(TC_001Login.java:10)
at com.testscripts.TC_001Login.login(TC_001Login.java:10)
at com.testscripts.TC_001Login.login(TC_001Login.java:10)
at com.testscripts.TC_001Login.login(TC_001Login.java:10)
at com.testscripts.TC_001Login.login(TC_001Login.java:10)
at com.testscripts.TC_001Login.login(TC_001Login.java:10)
at com.testscripts.TC_001Login.login(TC_001Login.java:10)
at com.testscripts.TC_001Login.login(TC_001Login.java:10)
at com.testscripts.TC_001Login.login(TC_001Login.java:10)
at com.testscripts.TC_001Login.login(TC_001Login.java:10)
at com.testscripts.TC_001Login.login(TC_001Login.java:10)
at com.testscripts.TC_001Login.login(TC_001Login.java:10)
at com.testscripts.TC_001Login.login(TC_001Login.java:10)
at com.testscripts.TC_001Login.login(TC_001Login.java:10)
at com.testscripts.TC_001Login.login(TC_001Login.java:10)
at com.testscripts.TC_001Login.login(TC_001Login.java:10)
at com.testscripts.TC_001Login.login(TC_001Login.java:10)
at com.testscripts.TC_001Login.login(TC_001Login.java:10)
at com.testscripts.TC_001Login.login(TC_001Login.java:10)
at com.testscripts.TC_001Login.login(TC_001Login.java:10)
at com.testscripts.TC_001Login.login(TC_001Login.java:10)
at com.testscripts.TC_001Login.login(TC_001Login.java:10)
at com.testscripts.TC_001Login.login(TC_001Login.java:10)
at com.testscripts.TC_001Login.login(TC_001Login.java:10)
at com.testscripts.TC_001Login.login(TC_001Login.java:10)
at com.testscripts.TC_001Login.login(TC_001Login.java:10)
at com.testscripts.TC_001Login.login(TC_001Login.java:10)
at com.testscripts.TC_001Login.login(TC_001Login.java:10)
at com.testscripts.TC_001Login.login(TC_001Login.java:10)
at com.testscripts.TC_001Login.login(TC_001Login.java:10)
at com.testscripts.TC_001Login.login(TC_001Login.java:10)
at com.testscripts.TC_001Login.login(TC_001Login.java:10)
at com.testscripts.TC_001Login.login(TC_001Login.java:10)
at com.testscripts.TC_001Login.login(TC_001Login.java:10)
at com.testscripts.TC_001Login.login(TC_001Login.java:10)
at com.testscripts.TC_001Login.login(TC_001Login.java:10)
at com.testscripts.TC_001Login.login(TC_001Login.java:10)
at com.testscripts.TC_001Login.login(TC_001Login.java:10)
at com.testscripts.TC_001Login.login(TC_001Login.java:10)
at com.testscripts.TC_001Login.login(TC_001Login.java:10)
at com.testscripts.TC_001Login.login(TC_001Login.java:10)
at com.testscripts.TC_001Login.login(TC_001Login.java:10)
at com.testscripts.TC_001Login.login(TC_001Login.java:10)
at com.testscripts.TC_001Login.login(TC_001Login.java:10)
at com.testscripts.TC_001Login.login(TC_001Login.java:10)
at com.testscripts.TC_001Login.login(TC_001Login.java:10)
at com.testscripts.TC_001Login.login(TC_001Login.java:10)
at com.testscripts.TC_001Login.login(TC_001Login.java:10)
at com.testscripts.TC_001Login.login(TC_001Login.java:10)
at com.testscripts.TC_001Login.login(TC_001Login.java:10)
at com.testscripts.TC_001Login.login(TC_001Login.java:10)
at com.testscripts.TC_001Login.login(TC_001Login.java:10)
at com.testscripts.TC_001Login.login(TC_001Login.java:10)
at com.testscripts.TC_001Login.login(TC_001Login.java:10)
at com.testscripts.TC_001Login.login(TC_001Login.java:10)
at com.testscripts.TC_001Login.login(TC_001Login.java:10)
at com.testscripts.TC_001Login.login(TC_001Login.java:10)
at com.testscripts.TC_001Login.login(TC_001Login.java:10)
at com.testscripts.TC_001Login.login(TC_001Login.java:10)
at com.testscripts.TC_001Login.login(TC_001Login.java:10)
at com.testscripts.TC_001Login.login(TC_001Login.java:10)
at com.testscripts.TC_001Login.login(TC_001Login.java:10)
at com.testscripts.TC_001Login.login(TC_001Login.java:10)
at com.testscripts.TC_001Login.login(TC_001Login.java:10)
at com.testscripts.TC_001Login.login(TC_001Login.java:10)
at com.testscripts.TC_001Login.login(TC_001Login.java:10)
at com.testscripts.TC_001Login.login(TC_001Login.java:10)
at com.testscripts.TC_001Login.login(TC_001Login.java:10)
at com.testscripts.TC_001Login.login(TC_001Login.java:10)
at com.testscripts.TC_001Login.login(TC_001Login.java:10)
at com.testscripts.TC_001Login.login(TC_001Login.java:10)
at com.testscripts.TC_001Login.login(TC_001Login.java:10)
at com.testscripts.TC_001Login.login(TC_001Login.java:10)
at com.testscripts.TC_001Login.login(TC_001Login.java:10)
at com.testscripts.TC_001Login.login(TC_001Login.java:10)
at com.testscripts.TC_001Login.login(TC_001Login.java:10)
at com.testscripts.TC_001Login.login(TC_001Login.java:10)
at com.testscripts.TC_001Login.login(TC_001Login.java:10)
at com.testscripts.TC_001Login.login(TC_001Login.java:10)
at com.testscripts.TC_001Login.login(TC_001Login.java:10)
at com.testscripts.TC_001Login.login(TC_001Login.java:10)
at com.testscripts.TC_001Login.login(TC_001Login.java:10)
at com.testscripts.TC_001Login.login(TC_001Login.java:10)
at com.testscripts.TC_001Login.login(TC_001Login.java:10)
at com.testscripts.TC_001Login.login(TC_001Login.java:10)
at com.testscripts.TC_001Login.login(TC_001Login.java:10)
at com.testscripts.TC_001Login.login(TC_001Login.java:10)
at com.testscripts.TC_001Login.login(TC_001Login.java:10)
at com.testscripts.TC_001Login.login(TC_001Login.java:10)
at com.testscripts.TC_001Login.login(TC_001Login.java:10)
at com.testscripts.TC_001Login.login(TC_001Login.java:10)
at com.testscripts.TC_001Login.login(TC_001Login.java:10)
at com.testscripts.TC_001Login.login(TC_001Login.java:10)
at com.testscripts.TC_001Login.login(TC_001Login.java:10)
at com.testscripts.TC_001Login.login(TC_001Login.java:10)
at com.testscripts.TC_001Login.login(TC_001Login.java:10)
at com.testscripts.TC_001Login.login(TC_001Login.java:10)
at com.testscripts.TC_001Login.login(TC_001Login.java:10)
at com.testscripts.TC_001Login.login(TC_001Login.java:10)
at com.testscripts.TC_001Login.login(TC_001Login.java:10)
at com.testscripts.TC_001Login.login(TC_001Login.java:10)
at com.testscripts.TC_001Login.login(TC_001Login.java:10)
at com.testscripts.TC_001Login.login(TC_001Login.java:10)
at com.testscripts.TC_001Login.login(TC_001Login.java:10)
at com.testscripts.TC_001Login.login(TC_001Login.java:10)
at com.testscripts.TC_001Login.login(TC_001Login.java:10)
at com.testscripts.TC_001Login.login(TC_001Login.java:10)
at com.testscripts.TC_001Login.login(TC_001Login.java:10)
at com.testscripts.TC_001Login.login(TC_001Login.java:10)
at com.testscripts.TC_001Login.login(TC_001Login.java:10)
at com.testscripts.TC_001Login.login(TC_001Login.java:10)
at com.testscripts.TC_001Login.login(TC_001Login.java:10)
at com.testscripts.TC_001Login.login(TC_001Login.java:10)
at com.testscripts.TC_001Login.login(TC_001Login.java:10)
at com.testscripts.TC_001Login.login(TC_001Login.java:10)
at com.testscripts.TC_001Login.login(TC_001Login.java:10)
at com.testscripts.TC_001Login.login(TC_001Login.java:10)
at com.testscripts.TC_001Login.login(TC_001Login.java:10)
at com.testscripts.TC_001Login.login(TC_001Login.java:10)
at com.testscripts.TC_001Login.login(TC_001Login.java:10)
at com.testscripts.TC_001Login.login(TC_001Login.java:10)
at com.testscripts.TC_001Login.login(TC_001Login.java:10)
at com.testscripts.TC_001Login.login(TC_001Login.java:10)
at com.testscripts.TC_001Login.login(TC_001Login.java:10)
at com.testscripts.TC_001Login.login(TC_001Login.java:10)
at com.testscripts.TC_001Login.login(TC_001Login.java:10)
at com.testscripts.TC_001Login.login(TC_001Login.java:10)
at com.testscripts.TC_001Login.login(TC_001Login.java:10)
at com.testscripts.TC_001Login.login(TC_001Login.java:10)
at com.testscripts.TC_001Login.login(TC_001Login.java:10)
at com.testscripts.TC_001Login.login(TC_001Login.java:10)
at com.testscripts.TC_001Login.login(TC_001Login.java:10)
at com.testscripts.TC_001Login.login(TC_001Login.java:10)
at com.testscripts.TC_001Login.login(TC_001Login.java:10)
at com.testscripts.TC_001Login.login(TC_001Login.java:10)
at com.testscripts.TC_001Login.login(TC_001Login.java:10)
at com.testscripts.TC_001Login.login(TC_001Login.java:10)
at com.testscripts.TC_001Login.login(TC_001Login.java:10)
at com.testscripts.TC_001Login.login(TC_001Login.java:10)
at com.testscripts.TC_001Login.login(TC_001Login.java:10)
at com.testscripts.TC_001Login.login(TC_001Login.java:10)
at com.testscripts.TC_001Login.login(TC_001Login.java:10)
at com.testscripts.TC_001Login.login(TC_001Login.java:10)
at com.testscripts.TC_001Login.login(TC_001Login.java:10)
at com.testscripts.TC_001Login.login(TC_001Login.java:10)
at com.testscripts.TC_001Login.login(TC_001Login.java:10)
at com.testscripts.TC_001Login.login(TC_001Login.java:10)
at com.testscripts.TC_001Login.login(TC_001Login.java:10)
at com.testscripts.TC_001Login.login(TC_001Login.java:10)
at com.testscripts.TC_001Login.login(TC_001Login.java:10)
at com.testscripts.TC_001Login.login(TC_001Login.java:10)
at com.testscripts.TC_001Login.login(TC_001Login.java:10)
at com.testscripts.TC_001Login.login(TC_001Login.java:10)
at com.testscripts.TC_001Login.login(TC_001Login.java:10)
at com.testscripts.TC_001Login.login(TC_001Login.java:10)
at com.testscripts.TC_001Login.login(TC_001Login.java:10)
at com.testscripts.TC_001Login.login(TC_001Login.java:10)
at com.testscripts.TC_001Login.login(TC_001Login.java:10)
at com.testscripts.TC_001Login.login(TC_001Login.java:10)
at com.testscripts.TC_001Login.login(TC_001Login.java:10)
at com.testscripts.TC_001Login.login(TC_001Login.java:10)
at com.testscripts.TC_001Login.login(TC_001Login.java:10)
at com.testscripts.TC_001Login.login(TC_001Login.java:10)
at com.testscripts.TC_001Login.login(TC_001Login.java:10)
at com.testscripts.TC_001Login.login(TC_001Login.java:10)
at com.testscripts.TC_001Login.login(TC_001Login.java:10)
at com.testscripts.TC_001Login.login(TC_001Login.java:10)
at com.testscripts.TC_001Login.login(TC_001Login.java:10)
at com.testscripts.TC_001Login.login(TC_001Login.java:10)
at com.testscripts.TC_001Login.login(TC_001Login.java:10)
at com.testscripts.TC_001Login.login(TC_001Login.java:10)
at com.testscripts.TC_001Login.login(TC_001Login.java:10)
at com.testscripts.TC_001Login.login(TC_001Login.java:10)
at com.testscripts.TC_001Login.login(TC_001Login.java:10)
at com.testscripts.TC_001Login.login(TC_001Login.java:10)
at com.testscripts.TC_001Login.login(TC_001Login.java:10)
at com.testscripts.TC_001Login.login(TC_001Login.java:10)
at com.testscripts.TC_001Login.login(TC_001Login.java:10)
at com.testscripts.TC_001Login.login(TC_001Login.java:10)
at com.testscripts.TC_001Login.login(TC_001Login.java:10)
at com.testscripts.TC_001Login.login(TC_001Login.java:10)
at com.testscripts.TC_001Login.login(TC_001Login.java:10)
at com.testscripts.TC_001Login.login(TC_001Login.java:10)
at com.testscripts.TC_001Login.login(TC_001Login.java:10)
at com.testscripts.TC_001Login.login(TC_001Login.java:10)
at com.testscripts.TC_001Login.login(TC_001Login.java:10)
at com.testscripts.TC_001Login.login(TC_001Login.java:10)
at com.testscripts.TC_001Login.login(TC_001Login.java:10)
at com.testscripts.TC_001Login.login(TC_001Login.java:10)
at com.testscripts.TC_001Login.login(TC_001Login.java:10)
at com.testscripts.TC_001Login.login(TC_001Login.java:10)
at com.testscripts.TC_001Login.login(TC_001Login.java:10)
at com.testscripts.TC_001Login.login(TC_001Login.java:10)
at com.testscripts.TC_001Login.login(TC_001Login.java:10)
at com.testscripts.TC_001Login.login(TC_001Login.java:10)
at com.testscripts.TC_001Login.login(TC_001Login.java:10)
at com.testscripts.TC_001Login.login(TC_001Login.java:10)
at com.testscripts.TC_001Login.login(TC_001Login.java:10)
at com.testscripts.TC_001Login.login(TC_001Login.java:10)
at com.testscripts.TC_001Login.login(TC_001Login.java:10)
at com.testscripts.TC_001Login.login(TC_001Login.java:10)
at com.testscripts.TC_001Login.login(TC_001Login.java:10)
at com.testscripts.TC_001Login.login(TC_001Login.java:10)
at com.testscripts.TC_001Login.login(TC_001Login.java:10)
at com.testscripts.TC_001Login.login(TC_001Login.java:10)
at com.testscripts.TC_001Login.login(TC_001Login.java:10)
at com.testscripts.TC_001Login.login(TC_001Login.java:10)
at com.testscripts.TC_001Login.login(TC_001Login.java:10)
at com.testscripts.TC_001Login.login(TC_001Login.java:10)
at com.testscripts.TC_001Login.login(TC_001Login.java:10)
at com.testscripts.TC_001Login.login(TC_001Login.java:10)
at com.testscripts.TC_001Login.login(TC_001Login.java:10)
at com.testscripts.TC_001Login.login(TC_001Login.java:10)
at com.testscripts.TC_001Login.login(TC_001Login.java:10)
at com.testscripts.TC_001Login.login(TC_001Login.java:10)
at com.testscripts.TC_001Login.login(TC_001Login.java:10)
at com.testscripts.TC_001Login.login(TC_001Login.java:10)
at com.testscripts.TC_001Login.login(TC_001Login.java:10)
at com.testscripts.TC_001Login.login(TC_001Login.java:10)
at com.testscripts.TC_001Login.login(TC_001Login.java:10)
at com.testscripts.TC_001Login.login(TC_001Login.java:10)
at com.testscripts.TC_001Login.login(TC_001Login.java:10)
at com.testscripts.TC_001Login.login(TC_001Login.java:10)
at com.testscripts.TC_001Login.login(TC_001Login.java:10)
at com.testscripts.TC_001Login.login(TC_001Login.java:10)
at com.testscripts.TC_001Login.login(TC_001Login.java:10)
at com.testscripts.TC_001Login.login(TC_001Login.java:10)
at com.testscripts.TC_001Login.login(TC_001Login.java:10)
at com.testscripts.TC_001Login.login(TC_001Login.java:10)
at com.testscripts.TC_001Login.login(TC_001Login.java:10)
at com.testscripts.TC_001Login.login(TC_001Login.java:10)
at com.testscripts.TC_001Login.login(TC_001Login.java:10)
at com.testscripts.TC_001Login.login(TC_001Login.java:10)
at com.testscripts.TC_001Login.login(TC_001Login.java:10)
at com.testscripts.TC_001Login.login(TC_001Login.java:10)
at com.testscripts.TC_001Login.login(TC_001Login.java:10)
at com.testscripts.TC_001Login.login(TC_001Login.java:10)
at com.testscripts.TC_001Login.login(TC_001Login.java:10)
at com.testscripts.TC_001Login.login(TC_001Login.java:10)
at com.testscripts.TC_001Login.login(TC_001Login.java:10)
at com.testscripts.TC_001Login.login(TC_001Login.java:10)
at com.testscripts.TC_001Login.login(TC_001Login.java:10)
at com.testscripts.TC_001Login.login(TC_001Login.java:10)
at com.testscripts.TC_001Login.login(TC_001Login.java:10)
at com.testscripts.TC_001Login.login(TC_001Login.java:10)
at com.testscripts.TC_001Login.login(TC_001Login.java:10)
at com.testscripts.TC_001Login.login(TC_001Login.java:10)
at com.testscripts.TC_001Login.login(TC_001Login.java:10)
at com.testscripts.TC_001Login.login(TC_001Login.java:10)
at com.testscripts.TC_001Login.login(TC_001Login.java:10)
at com.testscripts.TC_001Login.login(TC_001Login.java:10)
at com.testscripts.TC_001Login.login(TC_001Login.java:10)
at com.testscripts.TC_001Login.login(TC_001Login.java:10)
at com.testscripts.TC_001Login.login(TC_001Login.java:10)
at com.testscripts.TC_001Login.login(TC_001Login.java:10)
at com.testscripts.TC_001Login.login(TC_001Login.java:10)
at com.testscripts.TC_001Login.login(TC_001Login.java:10)
at com.testscripts.TC_001Login.login(TC_001Login.java:10)
at com.testscripts.TC_001Login.login(TC_001Login.java:10)
at com.testscripts.TC_001Login.login(TC_001Login.java:10)
at com.testscripts.TC_001Login.login(TC_001Login.java:10)
at com.testscripts.TC_001Login.login(TC_001Login.java:10)
at com.testscripts.TC_001Login.login(TC_001Login.java:10)
at com.testscripts.TC_001Login.login(TC_001Login.java:10)
at com.testscripts.TC_001Login.login(TC_001Login.java:10)
at com.testscripts.TC_001Login.login(TC_001Login.java:10)
at com.testscripts.TC_001Login.login(TC_001Login.java:10)
at com.testscripts.TC_001Login.login(TC_001Login.java:10)
at com.testscripts.TC_001Login.login(TC_001Login.java:10)
at com.testscripts.TC_001Login.login(TC_001Login.java:10)
at com.testscripts.TC_001Login.login(TC_001Login.java:10)
at com.testscripts.TC_001Login.login(TC_001Login.java:10)
at com.testscripts.TC_001Login.login(TC_001Login.java:10)
at com.testscripts.TC_001Login.login(TC_001Login.java:10)
at com.testscripts.TC_001Login.login(TC_001Login.java:10)
at com.testscripts.TC_001Login.login(TC_001Login.java:10)
at com.testscripts.TC_001Login.login(TC_001Login.java:10)
at com.testscripts.TC_001Login.login(TC_001Login.java:10)
at com.testscripts.TC_001Login.login(TC_001Login.java:10)
at com.testscripts.TC_001Login.login(TC_001Login.java:10)
at com.testscripts.TC_001Login.login(TC_001Login.java:10)
at com.testscripts.TC_001Login.login(TC_001Login.java:10)
at com.testscripts.TC_001Login.login(TC_001Login.java:10)
at com.testscripts.TC_001Login.login(TC_001Login.java:10)
at com.testscripts.TC_001Login.login(TC_001Login.java:10)
at com.testscripts.TC_001Login.login(TC_001Login.java:10)
at com.testscripts.TC_001Login.login(TC_001Login.java:10)
at com.testscripts.TC_001Login.login(TC_001Login.java:10)
at com.testscripts.TC_001Login.login(TC_001Login.java:10)
at com.testscripts.TC_001Login.login(TC_001Login.java:10)
at com.testscripts.TC_001Login.login(TC_001Login.java:10)
at com.testscripts.TC_001Login.login(TC_001Login.java:10)
at com.testscripts.TC_001Login.login(TC_001Login.java:10)
at com.testscripts.TC_001Login.login(TC_001Login.java:10)
at com.testscripts.TC_001Login.login(TC_001Login.java:10)
at com.testscripts.TC_001Login.login(TC_001Login.java:10)
at com.testscripts.TC_001Login.login(TC_001Login.java:10)
at com.testscripts.TC_001Login.login(TC_001Login.java:10)
at com.testscripts.TC_001Login.login(TC_001Login.java:10)
at com.testscripts.TC_001Login.login(TC_001Login.java:10)
at com.testscripts.TC_001Login.login(TC_001Login.java:10)
at com.testscripts.TC_001Login.login(TC_001Login.java:10)
at com.testscripts.TC_001Login.login(TC_001Login.java:10)
at com.testscripts.TC_001Login.login(TC_001Login.java:10)
at com.testscripts.TC_001Login.login(TC_001Login.java:10)
at com.testscripts.TC_001Login.login(TC_001Login.java:10)
at com.testscripts.TC_001Login.login(TC_001Login.java:10)
at com.testscripts.TC_001Login.login(TC_001Login.java:10)
at com.testscripts.TC_001Login.login(TC_001Login.java:10)
at com.testscripts.TC_001Login.login(TC_001Login.java:10)
at com.testscripts.TC_001Login.login(TC_001Login.java:10)
at com.testscripts.TC_001Login.login(TC_001Login.java:10)
at com.testscripts.TC_001Login.login(TC_001Login.java:10)
at com.testscripts.TC_001Login.login(TC_001Login.java:10)
at com.testscripts.TC_001Login.login(TC_001Login.java:10)
at com.testscripts.TC_001Login.login(TC_001Login.java:10)
at com.testscripts.TC_001Login.login(TC_001Login.java:10)
at com.testscripts.TC_001Login.login(TC_001Login.java:10)
at com.testscripts.TC_001Login.login(TC_001Login.java:10)
at com.testscripts.TC_001Login.login(TC_001Login.java:10)
at com.testscripts.TC_001Login.login(TC_001Login.java:10)
at com.testscripts.TC_001Login.login(TC_001Login.java:10)
at com.testscripts.TC_001Login.login(TC_001Login.java:10)
at com.testscripts.TC_001Login.login(TC_001Login.java:10)
at com.testscripts.TC_001Login.login(TC_001Login.java:10)
at com.testscripts.TC_001Login.login(TC_001Login.java:10)
at com.testscripts.TC_001Login.login(TC_001Login.java:10)
at com.testscripts.TC_001Login.login(TC_001Login.java:10)
at com.testscripts.TC_001Login.login(TC_001Login.java:10)
at com.testscripts.TC_001Login.login(TC_001Login.java:10)
at com.testscripts.TC_001Login.login(TC_001Login.java:10)
at com.testscripts.TC_001Login.login(TC_001Login.java:10)
at com.testscripts.TC_001Login.login(TC_001Login.java:10)
at com.testscripts.TC_001Login.login(TC_001Login.java:10)
at com.testscripts.TC_001Login.login(TC_001Login.java:10)
at com.testscripts.TC_001Login.login(TC_001Login.java:10)
at com.testscripts.TC_001Login.login(TC_001Login.java:10)
at com.testscripts.TC_001Login.login(TC_001Login.java:10)
at com.testscripts.TC_001Login.login(TC_001Login.java:10)
at com.testscripts.TC_001Login.login(TC_001Login.java:10)
at com.testscripts.TC_001Login.login(TC_001Login.java:10)
at com.testscripts.TC_001Login.login(TC_001Login.java:10)
at com.testscripts.TC_001Login.login(TC_001Login.java:10)
at com.testscripts.TC_001Login.login(TC_001Login.java:10)
at com.testscripts.TC_001Login.login(TC_001Login.java:10)
at com.testscripts.TC_001Login.login(TC_001Login.java:10)
at com.testscripts.TC_001Login.login(TC_001Login.java:10)
at com.testscripts.TC_001Login.login(TC_001Login.java:10)
at com.testscripts.TC_001Login.login(TC_001Login.java:10)
at com.testscripts.TC_001Login.login(TC_001Login.java:10)
at com.testscripts.TC_001Login.login(TC_001Login.java:10)
at com.testscripts.TC_001Login.login(TC_001Login.java:10)
at com.testscripts.TC_001Login.login(TC_001Login.java:10)
at com.testscripts.TC_001Login.login(TC_001Login.java:10)
at com.testscripts.TC_001Login.login(TC_001Login.java:10)
at com.testscripts.TC_001Login.login(TC_001Login.java:10)
at com.testscripts.TC_001Login.login(TC_001Login.java:10)
at com.testscripts.TC_001Login.login(TC_001Login.java:10)
at com.testscripts.TC_001Login.login(TC_001Login.java:10)
at com.testscripts.TC_001Login.login(TC_001Login.java:10)
at com.testscripts.TC_001Login.login(TC_001Login.java:10)
at com.testscripts.TC_001Login.login(TC_001Login.java:10)
at com.testscripts.TC_001Login.login(TC_001Login.java:10)
at com.testscripts.TC_001Login.login(TC_001Login.java:10)
at com.testscripts.TC_001Login.login(TC_001Login.java:10)
at com.testscripts.TC_001Login.login(TC_001Login.java:10)
at com.testscripts.TC_001Login.login(TC_001Login.java:10)
at com.testscripts.TC_001Login.login(TC_001Login.java:10)
at com.testscripts.TC_001Login.login(TC_001Login.java:10)
at com.testscripts.TC_001Login.login(TC_001Login.java:10)
at com.testscripts.TC_001Login.login(TC_001Login.java:10)
at com.testscripts.TC_001Login.login(TC_001Login.java:10)
at com.testscripts.TC_001Login.login(TC_001Login.java:10)
at com.testscripts.TC_001Login.login(TC_001Login.java:10)
at com.testscripts.TC_001Login.login(TC_001Login.java:10)
at com.testscripts.TC_001Login.login(TC_001Login.java:10)
at com.testscripts.TC_001Login.login(TC_001Login.java:10)
at com.testscripts.TC_001Login.login(TC_001Login.java:10)
at com.testscripts.TC_001Login.login(TC_001Login.java:10)
at com.testscripts.TC_001Login.login(TC_001Login.java:10)
at com.testscripts.TC_001Login.login(TC_001Login.java:10)
at com.testscripts.TC_001Login.login(TC_001Login.java:10)
at com.testscripts.TC_001Login.login(TC_001Login.java:10)
at com.testscripts.TC_001Login.login(TC_001Login.java:10)
at com.testscripts.TC_001Login.login(TC_001Login.java:10)
at com.testscripts.TC_001Login.login(TC_001Login.java:10)
at com.testscripts.TC_001Login.login(TC_001Login.java:10)
at com.testscripts.TC_001Login.login(TC_001Login.java:10)
at com.testscripts.TC_001Login.login(TC_001Login.java:10)
at com.testscripts.TC_001Login.login(TC_001Login.java:10)
at com.testscripts.TC_001Login.login(TC_001Login.java:10)
at com.testscripts.TC_001Login.login(TC_001Login.java:10)
at com.testscripts.TC_001Login.login(TC_001Login.java:10)
at com.testscripts.TC_001Login.login(TC_001Login.java:10)
at com.testscripts.TC_001Login.login(TC_001Login.java:10)
at com.testscripts.TC_001Login.login(TC_001Login.java:10)
at com.testscripts.TC_001Login.login(TC_001Login.java:10)
at com.testscripts.TC_001Login.login(TC_001Login.java:10)
at com.testscripts.TC_001Login.login(TC_001Login.java:10)
at com.testscripts.TC_001Login.login(TC_001Login.java:10)
at com.testscripts.TC_001Login.login(TC_001Login.java:10)
at com.testscripts.TC_001Login.login(TC_001Login.java:10)
at com.testscripts.TC_001Login.login(TC_001Login.java:10)
at com.testscripts.TC_001Login.login(TC_001Login.java:10)
at com.testscripts.TC_001Login.login(TC_001Login.java:10)
at com.testscripts.TC_001Login.login(TC_001Login.java:10)
at com.testscripts.TC_001Login.login(TC_001Login.java:10)
at com.testscripts.TC_001Login.login(TC_001Login.java:10)
at com.testscripts.TC_001Login.login(TC_001Login.java:10)
at com.testscripts.TC_001Login.login(TC_001Login.java:10)
at com.testscripts.TC_001Login.login(TC_001Login.java:10)
at com.testscripts.TC_001Login.login(TC_001Login.java:10)
at com.testscripts.TC_001Login.login(TC_001Login.java:10)
at com.testscripts.TC_001Login.login(TC_001Login.java:10)
at com.testscripts.TC_001Login.login(TC_001Login.java:10)
at com.testscripts.TC_001Login.login(TC_001Login.java:10)
at com.testscripts.TC_001Login.login(TC_001Login.java:10)
at com.testscripts.TC_001Login.login(TC_001Login.java:10)
at com.testscripts.TC_001Login.login(TC_001Login.java:10)
at com.testscripts.TC_001Login.login(TC_001Login.java:10)
at com.testscripts.TC_001Login.login(TC_001Login.java:10)
at com.testscripts.TC_001Login.login(TC_001Login.java:10)
at com.testscripts.TC_001Login.login(TC_001Login.java:10)
at com.testscripts.TC_001Login.login(TC_001Login.java:10)
at com.testscripts.TC_001Login.login(TC_001Login.java:10)
at com.testscripts.TC_001Login.login(TC_001Login.java:10)
at com.testscripts.TC_001Login.login(TC_001Login.java:10)
at com.testscripts.TC_001Login.login(TC_001Login.java:10)
at com.testscripts.TC_001Login.login(TC_001Login.java:10)
at com.testscripts.TC_001Login.login(TC_001Login.java:10)
at com.testscripts.TC_001Login.login(TC_001Login.java:10)
at com.testscripts.TC_001Login.login(TC_001Login.java:10)
at com.testscripts.TC_001Login.login(TC_001Login.java:10)
at com.testscripts.TC_001Login.login(TC_001Login.java:10)
at com.testscripts.TC_001Login.login(TC_001Login.java:10)
at com.testscripts.TC_001Login.login(TC_001Login.java:10)
at com.testscripts.TC_001Login.login(TC_001Login.java:10)
at com.testscripts.TC_001Login.login(TC_001Login.java:10)
at com.testscripts.TC_001Login.login(TC_001Login.java:10)
at com.testscripts.TC_001Login.login(TC_001Login.java:10)
at com.testscripts.TC_001Login.login(TC_001Login.java:10)
at com.testscripts.TC_001Login.login(TC_001Login.java:10)
at com.testscripts.TC_001Login.login(TC_001Login.java:10)
at com.testscripts.TC_001Login.login(TC_001Login.java:10)
at com.testscripts.TC_001Login.login(TC_001Login.java:10)
at com.testscripts.TC_001Login.login(TC_001Login.java:10)
at com.testscripts.TC_001Login.login(TC_001Login.java:10)
at com.testscripts.TC_001Login.login(TC_001Login.java:10)
at com.testscripts.TC_001Login.login(TC_001Login.java:10)
at com.testscripts.TC_001Login.login(TC_001Login.java:10)
at com.testscripts.TC_001Login.login(TC_001Login.java:10)
at com.testscripts.TC_001Login.login(TC_001Login.java:10)
at com.testscripts.TC_001Login.login(TC_001Login.java:10)
at com.testscripts.TC_001Login.login(TC_001Login.java:10)
at com.testscripts.TC_001Login.login(TC_001Login.java:10)
at com.testscripts.TC_001Login.login(TC_001Login.java:10)
at com.testscripts.TC_001Login.login(TC_001Login.java:10)
at com.testscripts.TC_001Login.login(TC_001Login.java:10)
at com.testscripts.TC_001Login.login(TC_001Login.java:10)
at com.testscripts.TC_001Login.login(TC_001Login.java:10)
at com.testscripts.TC_001Login.login(TC_001Login.java:10)
at com.testscripts.TC_001Login.login(TC_001Login.java:10)
at com.testscripts.TC_001Login.login(TC_001Login.java:10)
at com.testscripts.TC_001Login.login(TC_001Login.java:10)
at com.testscripts.TC_001Login.login(TC_001Login.java:10)
at com.testscripts.TC_001Login.login(TC_001Login.java:10)
at com.testscripts.TC_001Login.login(TC_001Login.java:10)
at com.testscripts.TC_001Login.login(TC_001Login.java:10)
at com.testscripts.TC_001Login.login(TC_001Login.java:10)
at com.testscripts.TC_001Login.login(TC_001Login.java:10)
at com.testscripts.TC_001Login.login(TC_001Login.java:10)
at com.testscripts.TC_001Login.login(TC_001Login.java:10)
at com.testscripts.TC_001Login.login(TC_001Login.java:10)
at com.testscripts.TC_001Login.login(TC_001Login.java:10)
at com.testscripts.TC_001Login.login(TC_001Login.java:10)
at com.testscripts.TC_001Login.login(TC_001Login.java:10)
at com.testscripts.TC_001Login.login(TC_001Login.java:10)
at com.testscripts.TC_001Login.login(TC_001Login.java:10)
at com.testscripts.TC_001Login.login(TC_001Login.java:10)
at com.testscripts.TC_001Login.login(TC_001Login.java:10)
at com.testscripts.TC_001Login.login(TC_001Login.java:10)
at com.testscripts.TC_001Login.login(TC_001Login.java:10)
at com.testscripts.TC_001Login.login(TC_001Login.java:10)
at com.testscripts.TC_001Login.login(TC_001Login.java:10)
at com.testscripts.TC_001Login.login(TC_001Login.java:10)
at com.testscripts.TC_001Login.login(TC_001Login.java:10)
at com.testscripts.TC_001Login.login(TC_001Login.java:10)
at com.testscripts.TC_001Login.login(TC_001Login.java:10)
at com.testscripts.TC_001Login.login(TC_001Login.java:10)
at com.testscripts.TC_001Login.login(TC_001Login.java:10)
at com.testscripts.TC_001Login.login(TC_001Login.java:10)
at com.testscripts.TC_001Login.login(TC_001Login.java:10)
at com.testscripts.TC_001Login.login(TC_001Login.java:10)
at com.testscripts.TC_001Login.login(TC_001Login.java:10)
at com.testscripts.TC_001Login.login(TC_001Login.java:10)
at com.testscripts.TC_001Login.login(TC_001Login.java:10)
at com.testscripts.TC_001Login.login(TC_001Login.java:10)
at com.testscripts.TC_001Login.login(TC_001Login.java:10)
at com.testscripts.TC_001Login.login(TC_001Login.java:10)
at com.testscripts.TC_001Login.login(TC_001Login.java:10)
at com.testscripts.TC_001Login.login(TC_001Login.java:10)
at com.testscripts.TC_001Login.login(TC_001Login.java:10)
at com.testscripts.TC_001Login.login(TC_001Login.java:10)
at com.testscripts.TC_001Login.login(TC_001Login.java:10)
at com.testscripts.TC_001Login.login(TC_001Login.java:10)
at com.testscripts.TC_001Login.login(TC_001Login.java:10)
at com.testscripts.TC_001Login.login(TC_001Login.java:10)
at com.testscripts.TC_001Login.login(TC_001Login.java:10)
at com.testscripts.TC_001Login.login(TC_001Login.java:10)
at com.testscripts.TC_001Login.login(TC_001Login.java:10)
at com.testscripts.TC_001Login.login(TC_001Login.java:10)
at com.testscripts.TC_001Login.login(TC_001Login.java:10)
at com.testscripts.TC_001Login.login(TC_001Login.java:10)
at com.testscripts.TC_001Login.login(TC_001Login.java:10)
at com.testscripts.TC_001Login.login(TC_001Login.java:10)
at com.testscripts.TC_001Login.login(TC_001Login.java:10)
at com.testscripts.TC_001Login.login(TC_001Login.java:10)
at com.testscripts.TC_001Login.login(TC_001Login.java:10)
at com.testscripts.TC_001Login.login(TC_001Login.java:10)
at com.testscripts.TC_001Login.login(TC_001Login.java:10)
at com.testscripts.TC_001Login.login(TC_001Login.java:10)
at com.testscripts.TC_001Login.login(TC_001Login.java:10)
at com.testscripts.TC_001Login.login(TC_001Login.java:10)
at com.testscripts.TC_001Login.login(TC_001Login.java:10)
at com.testscripts.TC_001Login.login(TC_001Login.java:10)
at com.testscripts.TC_001Login.login(TC_001Login.java:10)
at com.testscripts.TC_001Login.login(TC_001Login.java:10)
at com.testscripts.TC_001Login.login(TC_001Login.java:10)
at com.testscripts.TC_001Login.login(TC_001Login.java:10)
at com.testscripts.TC_001Login.login(TC_001Login.java:10)
at com.testscripts.TC_001Login.login(TC_001Login.java:10)
at com.testscripts.TC_001Login.login(TC_001Login.java:10)
at com.testscripts.TC_001Login.login(TC_001Login.java:10)
at com.testscripts.TC_001Login.login(TC_001Login.java:10)
at com.testscripts.TC_001Login.login(TC_001Login.java:10)
at com.testscripts.TC_001Login.login(TC_001Login.java:10)
at com.testscripts.TC_001Login.login(TC_001Login.java:10)
at com.testscripts.TC_001Login.login(TC_001Login.java:10)
at com.testscripts.TC_001Login.login(TC_001Login.java:10)
at com.testscripts.TC_001Login.login(TC_001Login.java:10)
at com.testscripts.TC_001Login.login(TC_001Login.java:10)
at com.testscripts.TC_001Login.login(TC_001Login.java:10)
at com.testscripts.TC_001Login.login(TC_001Login.java:10)
at com.testscripts.TC_001Login.login(TC_001Login.java:10)
at com.testscripts.TC_001Login.login(TC_001Login.java:10)
at com.testscripts.TC_001Login.login(TC_001Login.java:10)
at com.testscripts.TC_001Login.login(TC_001Login.java:10)
at com.testscripts.TC_001Login.login(TC_001Login.java:10)
at com.testscripts.TC_001Login.login(TC_001Login.java:10)
at com.testscripts.TC_001Login.login(TC_001Login.java:10)
at com.testscripts.TC_001Login.login(TC_001Login.java:10)
at com.testscripts.TC_001Login.login(TC_001Login.java:10)
at com.testscripts.TC_001Login.login(TC_001Login.java:10)
at com.testscripts.TC_001Login.login(TC_001Login.java:10)
at com.testscripts.TC_001Login.login(TC_001Login.java:10)
at com.testscripts.TC_001Login.login(TC_001Login.java:10)
at com.testscripts.TC_001Login.login(TC_001Login.java:10)
at com.testscripts.TC_001Login.login(TC_001Login.java:10)
at com.testscripts.TC_001Login.login(TC_001Login.java:10)
at com.testscripts.TC_001Login.login(TC_001Login.java:10)
at com.testscripts.TC_001Login.login(TC_001Login.java:10)
at com.testscripts.TC_001Login.login(TC_001Login.java:10)
at com.testscripts.TC_001Login.login(TC_001Login.java:10)
at com.testscripts.TC_001Login.login(TC_001Login.java:10)
at com.testscripts.TC_001Login.login(TC_001Login.java:10)
at com.testscripts.TC_001Login.login(TC_001Login.java:10)
at com.testscripts.TC_001Login.login(TC_001Login.java:10)
at com.testscripts.TC_001Login.login(TC_001Login.java:10)
at com.testscripts.TC_001Login.login(TC_001Login.java:10)
at com.testscripts.TC_001Login.login(TC_001Login.java:10)
at com.testscripts.TC_001Login.login(TC_001Login.java:10)
at com.testscripts.TC_001Login.login(TC_001Login.java:10)
at com.testscripts.TC_001Login.login(TC_001Login.java:10)
at com.testscripts.TC_001Login.login(TC_001Login.java:10)
at com.testscripts.TC_001Login.login(TC_001Login.java:10)
at com.testscripts.TC_001Login.login(TC_001Login.java:10)
at com.testscripts.TC_001Login.login(TC_001Login.java:10)
at com.testscripts.TC_001Login.login(TC_001Login.java:10)
at com.testscripts.TC_001Login.login(TC_001Login.java:10)
at com.testscripts.TC_001Login.login(TC_001Login.java:10)
at com.testscripts.TC_001Login.login(TC_001Login.java:10)
at com.testscripts.TC_001Login.login(TC_001Login.java:10)
at com.testscripts.TC_001Login.login(TC_001Login.java:10)
at com.testscripts.TC_001Login.login(TC_001Login.java:10)
at com.testscripts.TC_001Login.login(TC_001Login.java:10)
at com.testscripts.TC_001Login.login(TC_001Login.java:10)
at com.testscripts.TC_001Login.login(TC_001Login.java:10)
at com.testscripts.TC_001Login.login(TC_001Login.java:10)
at com.testscripts.TC_001Login.login(TC_001Login.java:10)
at com.testscripts.TC_001Login.login(TC_001Login.java:10)
at com.testscripts.TC_001Login.login(TC_001Login.java:10)
at com.testscripts.TC_001Login.login(TC_001Login.java:10)
at com.testscripts.TC_001Login.login(TC_001Login.java:10)
at com.testscripts.TC_001Login.login(TC_001Login.java:10)
at com.testscripts.TC_001Login.login(TC_001Login.java:10)
at com.testscripts.TC_001Login.login(TC_001Login.java:10)
at com.testscripts.TC_001Login.login(TC_001Login.java:10)
at com.testscripts.TC_001Login.login(TC_001Login.java:10)
at com.testscripts.TC_001Login.login(TC_001Login.java:10)
at com.testscripts.TC_001Login.login(TC_001Login.java:10)
at com.testscripts.TC_001Login.login(TC_001Login.java:10)
at com.testscripts.TC_001Login.login(TC_001Login.java:10)
at com.testscripts.TC_001Login.login(TC_001Login.java:10)
at com.testscripts.TC_001Login.login(TC_001Login.java:10)
at com.testscripts.TC_001Login.login(TC_001Login.java:10)
at com.testscripts.TC_001Login.login(TC_001Login.java:10)
at com.testscripts.TC_001Login.login(TC_001Login.java:10)
at com.testscripts.TC_001Login.login(TC_001Login.java:10)
at com.testscripts.TC_001Login.login(TC_001Login.java:10)
at com.testscripts.TC_001Login.login(TC_001Login.java:10)
at com.testscripts.TC_001Login.login(TC_001Login.java:10)
at com.testscripts.TC_001Login.login(TC_001Login.java:10)
at com.testscripts.TC_001Login.login(TC_001Login.java:10)
at com.testscripts.TC_001Login.login(TC_001Login.java:10)
at com.testscripts.TC_001Login.login(TC_001Login.java:10)
at com.testscripts.TC_001Login.login(TC_001Login.java:10)
at com.testscripts.TC_001Login.login(TC_001Login.java:10)
at com.testscripts.TC_001Login.login(TC_001Login.java:10)
at com.testscripts.TC_001Login.login(TC_001Login.java:10)
at com.testscripts.TC_001Login.login(TC_001Login.java:10)
at com.testscripts.TC_001Login.login(TC_001Login.java:10)
at com.testscripts.TC_001Login.login(TC_001Login.java:10)
at com.testscripts.TC_001Login.login(TC_001Login.java:10)
at com.testscripts.TC_001Login.login(TC_001Login.java:10)
at com.testscripts.TC_001Login.login(TC_001Login.java:10)
at com.testscripts.TC_001Login.login(TC_001Login.java:10)
at com.testscripts.TC_001Login.login(TC_001Login.java:10)
at com.testscripts.TC_001Login.login(TC_001Login.java:10)
at com.testscripts.TC_001Login.login(TC_001Login.java:10)
at com.testscripts.TC_001Login.login(TC_001Login.java:10)
at com.testscripts.TC_001Login.login(TC_001Login.java:10)
at com.testscripts.TC_001Login.login(TC_001Login.java:10)
at com.testscripts.TC_001Login.login(TC_001Login.java:10)
at com.testscripts.TC_001Login.login(TC_001Login.java:10)
at com.testscripts.TC_001Login.login(TC_001Login.java:10)
at com.testscripts.TC_001Login.login(TC_001Login.java:10)
at com.testscripts.TC_001Login.login(TC_001Login.java:10)
at com.testscripts.TC_001Login.login(TC_001Login.java:10)
at com.testscripts.TC_001Login.login(TC_001Login.java:10)
at com.testscripts.TC_001Login.login(TC_001Login.java:10)
at com.testscripts.TC_001Login.login(TC_001Login.java:10)
at com.testscripts.TC_001Login.login(TC_001Login.java:10)
at com.testscripts.TC_001Login.login(TC_001Login.java:10)
at com.testscripts.TC_001Login.login(TC_001Login.java:10)
at com.testscripts.TC_001Login.login(TC_001Login.java:10)
at com.testscripts.TC_001Login.login(TC_001Login.java:10)
at com.testscripts.TC_001Login.login(TC_001Login.java:10)
at com.testscripts.TC_001Login.login(TC_001Login.java:10)
at com.testscripts.TC_001Login.login(TC_001Login.java:10)
at com.testscripts.TC_001Login.login(TC_001Login.java:10)
at com.testscripts.TC_001Login.login(TC_001Login.java:10)
at com.testscripts.TC_001Login.login(TC_001Login.java:10)
at com.testscripts.TC_001Login.login(TC_001Login.java:10)
at com.testscripts.TC_001Login.login(TC_001Login.java:10)
at com.testscripts.TC_001Login.login(TC_001Login.java:10)
at com.testscripts.TC_001Login.login(TC_001Login.java:10)
at com.testscripts.TC_001Login.login(TC_001Login.java:10)
at com.testscripts.TC_001Login.login(TC_001Login.java:10)
at com.testscripts.TC_001Login.login(TC_001Login.java:10)
at com.testscripts.TC_001Login.login(TC_001Login.java:10)
at com.testscripts.TC_001Login.login(TC_001Login.java:10)
at com.testscripts.TC_001Login.login(TC_001Login.java:10)
at com.testscripts.TC_001Login.login(TC_001Login.java:10)
at com.testscripts.TC_001Login.login(TC_001Login.java:10)
at com.testscripts.TC_001Login.login(TC_001Login.java:10)
at com.testscripts.TC_001Login.login(TC_001Login.java:10)
at com.testscripts.TC_001Login.login(TC_001Login.java:10)
at com.testscripts.TC_001Login.login(TC_001Login.java:10)
at com.testscripts.TC_001Login.login(TC_001Login.java:10)
at com.testscripts.TC_001Login.login(TC_001Login.java:10)
at com.testscripts.TC_001Login.login(TC_001Login.java:10)
at com.testscripts.TC_001Login.login(TC_001Login.java:10)
at com.testscripts.TC_001Login.login(TC_001Login.java:10)
at com.testscripts.TC_001Login.login(TC_001Login.java:10)
at com.testscripts.TC_001Login.login(TC_001Login.java:10)
at com.testscripts.TC_001Login.login(TC_001Login.java:10)
at com.testscripts.TC_001Login.login(TC_001Login.java:10)
at com.testscripts.TC_001Login.login(TC_001Login.java:10)
at com.testscripts.TC_001Login.login(TC_001Login.java:10)
at com.testscripts.TC_001Login.login(TC_001Login.java:10)
at com.testscripts.TC_001Login.login(TC_001Login.java:10)
at com.testscripts.TC_001Login.login(TC_001Login.java:10)
at com.testscripts.TC_001Login.login(TC_001Login.java:10)
at com.testscripts.TC_001Login.login(TC_001Login.java:10)
at com.testscripts.TC_001Login.login(TC_001Login.java:10)
at com.testscripts.TC_001Login.login(TC_001Login.java:10)
at com.testscripts.TC_001Login.login(TC_001Login.java:10)
at com.testscripts.TC_001Login.login(TC_001Login.java:10)
at com.testscripts.TC_001Login.login(TC_001Login.java:10)
at com.testscripts.TC_001Login.login(TC_001Login.java:10)
at com.testscripts.TC_001Login.login(TC_001Login.java:10)
at com.testscripts.TC_001Login.login(TC_001Login.java:10)
at com.testscripts.TC_001Login.login(TC_001Login.java:10)
at com.testscripts.TC_001Login.login(TC_001Login.java:10)
at com.testscripts.TC_001Login.login(TC_001Login.java:10)
at com.testscripts.TC_001Login.login(TC_001Login.java:10)
at com.testscripts.TC_001Login.login(TC_001Login.java:10)
at com.testscripts.TC_001Login.login(TC_001Login.java:10)
at com.testscripts.TC_001Login.login(TC_001Login.java:10)
at com.testscripts.TC_001Login.login(TC_001Login.java:10)
at com.testscripts.TC_001Login.login(TC_001Login.java:10)
at com.testscripts.TC_001Login.login(TC_001Login.java:10)
at com.testscripts.TC_001Login.login(TC_001Login.java:10)
at com.testscripts.TC_001Login.login(TC_001Login.java:10)
at com.testscripts.TC_001Login.login(TC_001Login.java:10)
at com.testscripts.TC_001Login.login(TC_001Login.java:10)
at com.testscripts.TC_001Login.login(TC_001Login.java:10)
at com.testscripts.TC_001Login.login(TC_001Login.java:10)
at com.testscripts.TC_001Login.login(TC_001Login.java:10)
at com.testscripts.TC_001Login.login(TC_001Login.java:10)
at com.testscripts.TC_001Login.login(TC_001Login.java:10)
at com.testscripts.TC_001Login.login(TC_001Login.java:10)
at com.testscripts.TC_001Login.login(TC_001Login.java:10)
at com.testscripts.TC_001Login.login(TC_001Login.java:10)
at com.testscripts.TC_001Login.login(TC_001Login.java:10)
at com.testscripts.TC_001Login.login(TC_001Login.java:10)
at com.testscripts.TC_001Login.login(TC_001Login.java:10)
at com.testscripts.TC_001Login.login(TC_001Login.java:10)
at com.testscripts.TC_001Login.login(TC_001Login.java:10)
at com.testscripts.TC_001Login.login(TC_001Login.java:10)
at com.testscripts.TC_001Login.login(TC_001Login.java:10)
at com.testscripts.TC_001Login.login(TC_001Login.java:10)
at com.testscripts.TC_001Login.login(TC_001Login.java:10)
at com.testscripts.TC_001Login.login(TC_001Login.java:10)
at com.testscripts.TC_001Login.login(TC_001Login.java:10)
at com.testscripts.TC_001Login.login(TC_001Login.java:10)
at com.testscripts.TC_001Login.login(TC_001Login.java:10)
at com.testscripts.TC_001Login.login(TC_001Login.java:10)
at com.testscripts.TC_001Login.login(TC_001Login.java:10)
at com.testscripts.TC_001Login.login(TC_001Login.java:10)
at com.testscripts.TC_001Login.login(TC_001Login.java:10)
at com.testscripts.TC_001Login.login(TC_001Login.java:10)
at com.testscripts.TC_001Login.login(TC_001Login.java:10)
at com.testscripts.TC_001Login.login(TC_001Login.java:10)
at com.testscripts.TC_001Login.login(TC_001Login.java:10)
at com.testscripts.TC_001Login.login(TC_001Login.java:10)
at com.testscripts.TC_001Login.login(TC_001Login.java:10)
at com.testscripts.TC_001Login.login(TC_001Login.java:10)
at com.testscripts.TC_001Login.login(TC_001Login.java:10)
at com.testscripts.TC_001Login.login(TC_001Login.java:10)
at com.testscripts.TC_001Login.login(TC_001Login.java:10)
at com.testscripts.TC_001Login.login(TC_001Login.java:10)
at com.testscripts.TC_001Login.login(TC_001Login.java:10)
at com.testscripts.TC_001Login.login(TC_001Login.java:10)
at com.testscripts.TC_001Login.login(TC_001Login.java:10)
at com.testscripts.TC_001Login.login(TC_001Login.java:10)
at com.testscripts.TC_001Login.login(TC_001Login.java:10)
at com.testscripts.TC_001Login.login(TC_001Login.java:10)
at com.testscripts.TC_001Login.login(TC_001Login.java:10)
at com.testscripts.TC_001Login.login(TC_001Login.java:10)
at com.testscripts.TC_001Login.login(TC_001Login.java:10)
at com.testscripts.TC_001Login.login(TC_001Login.java:10)
at com.testscripts.TC_001Login.login(TC_001Login.java:10)
at com.testscripts.TC_001Login.login(TC_001Login.java:10)
at com.testscripts.TC_001Login.login(TC_001Login.java:10)
at com.testscripts.TC_001Login.login(TC_001Login.java:10)
at com.testscripts.TC_001Login.login(TC_001Login.java:10)
at com.testscripts.TC_001Login.login(TC_001Login.java:10)
at com.testscripts.TC_001Login.login(TC_001Login.java:10)
at com.testscripts.TC_001Login.login(TC_001Login.java:10)
at com.testscripts.TC_001Login.login(TC_001Login.java:10)
at com.testscripts.TC_001Login.login(TC_001Login.java:10)
at com.testscripts.TC_001Login.login(TC_001Login.java:10)
at com.testscripts.TC_001Login.login(TC_001Login.java:10)
at com.testscripts.TC_001Login.login(TC_001Login.java:10)
at com.testscripts.TC_001Login.login(TC_001Login.java:10)
at com.testscripts.TC_001Login.login(TC_001Login.java:10)
at com.testscripts.TC_001Login.login(TC_001Login.java:10)
at com.testscripts.TC_001Login.login(TC_001Login.java:10)
at com.testscripts.TC_001Login.login(TC_001Login.java:10)
at com.testscripts.TC_001Login.login(TC_001Login.java:10)
at com.testscripts.TC_001Login.login(TC_001Login.java:10)
at com.testscripts.TC_001Login.login(TC_001Login.java:10)
at com.testscripts.TC_001Login.login(TC_001Login.java:10)
at com.testscripts.TC_001Login.login(TC_001Login.java:10)
at com.testscripts.TC_001Login.login(TC_001Login.java:10)
at com.testscripts.TC_001Login.login(TC_001Login.java:10)
at com.testscripts.TC_001Login.login(TC_001Login.java:10)
at com.testscripts.TC_001Login.login(TC_001Login.java:10)
at com.testscripts.TC_001Login.login(TC_001Login.java:10)
at com.testscripts.TC_001Login.login(TC_001Login.java:10)
at com.testscripts.TC_001Login.login(TC_001Login.java:10)
at com.testscripts.TC_001Login.login(TC_001Login.java:10)
at com.testscripts.TC_001Login.login(TC_001Login.java:10)
at com.testscripts.TC_001Login.login(TC_001Login.java:10)
at com.testscripts.TC_001Login.login(TC_001Login.java:10)
at com.testscripts.TC_001Login.login(TC_001Login.java:10)
at com.testscripts.TC_001Login.login(TC_001Login.java:10)
at com.testscripts.TC_001Login.login(TC_001Login.java:10)
at com.testscripts.TC_001Login.login(TC_001Login.java:10)
at com.testscripts.TC_001Login.login(TC_001Login.java:10)
at com.testscripts.TC_001Login.login(TC_001Login.java:10)
at com.testscripts.TC_001Login.login(TC_001Login.java:10)
at com.testscripts.TC_001Login.login(TC_001Login.java:10)
at com.testscripts.TC_001Login.login(TC_001Login.java:10)
at com.testscripts.TC_001Login.login(TC_001Login.java:10)
at com.testscripts.TC_001Login.login(TC_001Login.java:10)
at com.testscripts.TC_001Login.login(TC_001Login.java:10)
at com.testscripts.TC_001Login.login(TC_001Login.java:10)
at com.testscripts.TC_001Login.login(TC_001Login.java:10)
at com.testscripts.TC_001Login.login(TC_001Login.java:10)
at com.testscripts.TC_001Login.login(TC_001Login.java:10)
at com.testscripts.TC_001Login.login(TC_001Login.java:10)
at com.testscripts.TC_001Login.login(TC_001Login.java:10)
at com.testscripts.TC_001Login.login(TC_001Login.java:10)
at com.testscripts.TC_001Login.login(TC_001Login.java:10)
at com.testscripts.TC_001Login.login(TC_001Login.java:10)
at com.testscripts.TC_001Login.login(TC_001Login.java:10)
at com.testscripts.TC_001Login.login(TC_001Login.java:10)
at com.testscripts.TC_001Login.login(TC_001Login.java:10)
at com.testscripts.TC_001Login.login(TC_001Login.java:10)
at com.testscripts.TC_001Login.login(TC_001Login.java:10)
at com.testscripts.TC_001Login.login(TC_001Login.java:10)
at com.testscripts.TC_001Login.login(TC_001Login.java:10)
at com.testscripts.TC_001Login.login(TC_001Login.java:10)
at com.testscripts.TC_001Login.login(TC_001Login.java:10)
at com.testscripts.TC_001Login.login(TC_001Login.java:10)
at com.testscripts.TC_001Login.login(TC_001Login.java:10)
at com.testscripts.TC_001Login.login(TC_001Login.java:10)
at com.testscripts.TC_001Login.login(TC_001Login.java:10)
at com.testscripts.TC_001Login.login(TC_001Login.java:10)
at com.testscripts.TC_001Login.login(TC_001Login.java:10)
at com.testscripts.TC_001Login.login(TC_001Login.java:10)
at com.testscripts.TC_001Login.login(TC_001Login.java:10)
at com.testscripts.TC_001Login.login(TC_001Login.java:10)
at com.testscripts.TC_001Login.login(TC_001Login.java:10)
at com.testscripts.TC_001Login.login(TC_001Login.java:10)
at com.testscripts.TC_001Login.login(TC_001Login.java:10)
at com.testscripts.TC_001Login.login(TC_001Login.java:10)
at com.testscripts.TC_001Login.login(TC_001Login.java:10)
at com.testscripts.TC_001Login.login(TC_001Login.java:10)
at com.testscripts.TC_001Login.login(TC_001Login.java:10)
at com.testscripts.TC_001Login.login(TC_001Login.java:10)
at com.testscripts.TC_001Login.login(TC_001Login.java:10)
at com.testscripts.TC_001Login.login(TC_001Login.java:10)
at com.testscripts.TC_001Login.login(TC_001Login.java:10)
at com.testscripts.TC_001Login.login(TC_001Login.java:10)
at com.testscripts.TC_001Login.login(TC_001Login.java:10)
at com.testscripts.TC_001Login.login(TC_001Login.java:10)
at com.testscripts.TC_001Login.login(TC_001Login.java:10)
at com.testscripts.TC_001Login.login(TC_001Login.java:10)
at com.testscripts.TC_001Login.login(TC_001Login.java:10)
at com.testscripts.TC_001Login.login(TC_001Login.java:10)
at com.testscripts.TC_001Login.login(TC_001Login.java:10)
at com.testscripts.TC_001Login.login(TC_001Login.java:10)
at com.testscripts.TC_001Login.login(TC_001Login.java:10)
at com.testscripts.TC_001Login.login(TC_001Login.java:10)
at com.testscripts.TC_001Login.login(TC_001Login.java:10)
at com.testscripts.TC_001Login.login(TC_001Login.java:10)
at com.testscripts.TC_001Login.login(TC_001Login.java:10)
at com.testscripts.TC_001Login.login(TC_001Login.java:10)
at com.testscripts.TC_001Login.login(TC_001Login.java:10)
at com.testscripts.TC_001Login.login(TC_001Login.java:10)
at com.testscripts.TC_001Login.login(TC_001Login.java:10)
at com.testscripts.TC_001Login.login(TC_001Login.java:10)
at com.testscripts.TC_001Login.login(TC_001Login.java:10)
at com.testscripts.TC_001Login.login(TC_001Login.java:10)
at com.testscripts.TC_001Login.login(TC_001Login.java:10)
at com.testscripts.TC_001Login.login(TC_001Login.java:10)
at com.testscripts.TC_001Login.login(TC_001Login.java:10)
at com.testscripts.TC_001Login.login(TC_001Login.java:10)
at com.testscripts.TC_001Login.login(TC_001Login.java:10)
at com.testscripts.TC_001Login.login(TC_001Login.java:10)
at com.testscripts.TC_001Login.login(TC_001Login.java:10)
at com.testscripts.TC_001Login.login(TC_001Login.java:10)
at com.testscripts.TC_001Login.login(TC_001Login.java:10)
at com.testscripts.TC_001Login.login(TC_001Login.java:10)
at com.testscripts.TC_001Login.login(TC_001Login.java:10)
at com.testscripts.TC_001Login.login(TC_001Login.java:10)
at com.testscripts.TC_001Login.login(TC_001Login.java:10)
at com.testscripts.TC_001Login.login(TC_001Login.java:10)
at com.testscripts.TC_001Login.login(TC_001Login.java:10)
at com.testscripts.TC_001Login.login(TC_001Login.java:10)
at com.testscripts.TC_001Login.login(TC_001Login.java:10)
at com.testscripts.TC_001Login.login(TC_001Login.java:10)
at com.testscripts.TC_001Login.login(TC_001Login.java:10)
at com.testscripts.TC_001Login.login(TC_001Login.java:10)
at com.testscripts.TC_001Login.login(TC_001Login.java:10)
at com.testscripts.TC_001Login.login(TC_001Login.java:10)
at com.testscripts.TC_001Login.login(TC_001Login.java:10)
at com.testscripts.TC_001Login.login(TC_001Login.java:10)
at com.testscripts.TC_001Login.login(TC_001Login.java:10)
at com.testscripts.TC_001Login.login(TC_001Login.java:10)
at com.testscripts.TC_001Login.login(TC_001Login.java:10)
at com.testscripts.TC_001Login.login(TC_001Login.java:10)
at com.testscripts.TC_001Login.login(TC_001Login.java:10)
at com.testscripts.TC_001Login.login(TC_001Login.java:10)
at com.testscripts.TC_001Login.login(TC_001Login.java:10)
at com.testscripts.TC_001Login.login(TC_001Login.java:10)
at com.testscripts.TC_001Login.login(TC_001Login.java:10)
at com.testscripts.TC_001Login.login(TC_001Login.java:10)
at com.testscripts.TC_001Login.login(TC_001Login.java:10)
at com.testscripts.TC_001Login.login(TC_001Login.java:10)
at com.testscripts.TC_001Login.login(TC_001Login.java:10)
at com.testscripts.TC_001Login.login(TC_001Login.java:10)
at com.testscripts.TC_001Login.login(TC_001Login.java:10)
at com.testscripts.TC_001Login.login(TC_001Login.java:10)
at com.testscripts.TC_001Login.login(TC_001Login.java:10)
at com.testscripts.TC_001Login.login(TC_001Login.java:10)
at com.testscripts.TC_001Login.login(TC_001Login.java:10)
at com.testscripts.TC_001Login.login(TC_001Login.java:10)
at com.testscripts.TC_001Login.login(TC_001Login.java:10)
at com.testscripts.TC_001Login.login(TC_001Login.java:10)
at com.testscripts.TC_001Login.login(TC_001Login.java:10)
at com.testscripts.TC_001Login.login(TC_001Login.java:10)
at com.testscripts.TC_001Login.login(TC_001Login.java:10)
at com.testscripts.TC_001Login.login(TC_001Login.java:10)
at com.testscripts.TC_001Login.login(TC_001Login.java:10)
at com.testscripts.TC_001Login.login(TC_001Login.java:10)
at com.testscripts.TC_001Login.login(TC_001Login.java:10)
at com.testscripts.TC_001Login.login(TC_001Login.java:10)
at com.testscripts.TC_001Login.login(TC_001Login.java:10)
at com.testscripts.TC_001Login.login(TC_001Login.java:10)
at com.testscripts.TC_001Login.login(TC_001Login.java:10)
at com.testscripts.TC_001Login.login(TC_001Login.java:10)
at com.testscripts.TC_001Login.login(TC_001Login.java:10)
at com.testscripts.TC_001Login.login(TC_001Login.java:10)
at com.testscripts.TC_001Login.login(TC_001Login.java:10)
at com.testscripts.TC_001Login.login(TC_001Login.java:10)
at com.testscripts.TC_001Login.login(TC_001Login.java:10)
at com.testscripts.TC_001Login.login(TC_001Login.java:10)
at com.testscripts.TC_001Login.login(TC_001Login.java:10)
at com.testscripts.TC_001Login.login(TC_001Login.java:10)
at com.testscripts.TC_001Login.login(TC_001Login.java:10)
at com.testscripts.TC_001Login.login(TC_001Login.java:10)
at com.testscripts.TC_001Login.login(TC_001Login.java:10)
at com.testscripts.TC_001Login.login(TC_001Login.java:10)
at com.testscripts.TC_001Login.login(TC_001Login.java:10)
at com.testscripts.TC_001Login.login(TC_001Login.java:10)
at com.testscripts.TC_001Login.login(TC_001Login.java:10)
at com.testscripts.TC_001Login.login(TC_001Login.java:10)
at com.testscripts.TC_001Login.login(TC_001Login.java:10)
at com.testscripts.TC_001Login.login(TC_001Login.java:10)
at com.testscripts.TC_001Login.login(TC_001Login.java:10)
at com.testscripts.TC_001Login.login(TC_001Login.java:10)
at com.testscripts.TC_001Login.login(TC_001Login.java:10)
at com.testscripts.TC_001Login.login(TC_001Login.java:10)
at com.testscripts.TC_001Login.login(TC_001Login.java:10)
at com.testscripts.TC_001Login.login(TC_001Login.java:10)
at com.testscripts.TC_001Login.login(TC_001Login.java:10)
at com.testscripts.TC_001Login.login(TC_001Login.java:10)
at com.testscripts.TC_001Login.login(TC_001Login.java:10)
at com.testscripts.TC_001Login.login(TC_001Login.java:10)
at com.testscripts.TC_001Login.login(TC_001Login.java:10)
at com.testscripts.TC_001Login.login(TC_001Login.java:10)
at com.testscripts.TC_001Login.login(TC_001Login.java:10)
at com.testscripts.TC_001Login.login(TC_001Login.java:10)
at com.testscripts.TC_001Login.login(TC_001Login.java:10)
at com.testscripts.TC_001Login.login(TC_001Login.java:10)
at com.testscripts.TC_001Login.login(TC_001Login.java:10)
at com.testscripts.TC_001Login.login(TC_001Login.java:10)
at com.testscripts.TC_001Login.login(TC_001Login.java:10)
at com.testscripts.TC_001Login.login(TC_001Login.java:10)
at com.testscripts.TC_001Login.login(TC_001Login.java:10)
at com.testscripts.TC_001Login.login(TC_001Login.java:10)
at com.testscripts.TC_001Login.login(TC_001Login.java:10)
at com.testscripts.TC_001Login.login(TC_001Login.java:10)
at com.testscripts.TC_001Login.login(TC_001Login.java:10)
at com.testscripts.TC_001Login.login(TC_001Login.java:10)
at com.testscripts.TC_001Login.login(TC_001Login.java:10)
at com.testscripts.TC_001Login.login(TC_001Login.java:10)
at com.testscripts.TC_001Login.login(TC_001Login.java:10)
at com.testscripts.TC_001Login.login(TC_001Login.java:10)
at com.testscripts.TC_001Login.login(TC_001Login.java:10)
at com.testscripts.TC_001Login.login(TC_001Login.java:10)
at com.testscripts.TC_001Login.login(TC_001Login.java:10)
at com.testscripts.TC_001Login.login(TC_001Login.java:10)
at com.testscripts.TC_001Login.login(TC_001Login.java:10)
at com.testscripts.TC_001Login.login(TC_001Login.java:10)
at com.testscripts.TC_001Login.login(TC_001Login.java:10)
at com.testscripts.TC_001Login.login(TC_001Login.java:10)
at com.testscripts.TC_001Login.login(TC_001Login.java:10)
at com.testscripts.TC_001Login.login(TC_001Login.java:10)
at com.testscripts.TC_001Login.login(TC_001Login.java:10)
at com.testscripts.TC_001Login.login(TC_001Login.java:10)
at com.testscripts.TC_001Login.login(TC_001Login.java:10)
at com.testscripts.TC_001Login.login(TC_001Login.java:10)
at com.testscripts.TC_001Login.login(TC_001Login.java:10)
at com.testscripts.TC_001Login.login(TC_001Login.java:10)
at com.testscripts.TC_001Login.login(TC_001Login.java:10)
at com.testscripts.TC_001Login.login(TC_001Login.java:10)
at com.testscripts.TC_001Login.login(TC_001Login.java:10)
at com.testscripts.TC_001Login.login(TC_001Login.java:10)
at com.testscripts.TC_001Login.login(TC_001Login.java:10)
at com.testscripts.TC_001Login.login(TC_001Login.java:10)
at com.testscripts.TC_001Login.login(TC_001Login.java:10)
at com.testscripts.TC_001Login.login(TC_001Login.java:10)
at com.testscripts.TC_001Login.login(TC_001Login.java:10)
at com.testscripts.TC_001Login.login(TC_001Login.java:10)
]]>
    </failure>
  </testcase> <!-- login -->
</testsuite> <!-- Test -->
