<?xml version="1.0" encoding="UTF-8"?>
<testng-results ignored="0" total="1" passed="1" failed="0" skipped="0">
  <reporter-output>
  </reporter-output>
  <suite started-at="2023-10-16T14:28:37 IST" name="SauceDemo" finished-at="2023-10-16T14:28:50 IST" duration-ms="12951">
    <groups>
    </groups>
    <test started-at="2023-10-16T14:28:37 IST" name="Test" finished-at="2023-10-16T14:28:50 IST" duration-ms="12951">
      <class name="com.testscripts.TC_001Login">
        <test-method is-config="true" signature="setup()[pri:0, instance:com.testscripts.TC_001Login@ccb4b1b]" started-at="2023-10-16T14:28:37 IST" name="setup" finished-at="2023-10-16T14:28:40 IST" duration-ms="2769" status="PASS">
          <reporter-output>
          </reporter-output>
        </test-method> <!-- setup -->
        <test-method is-config="true" signature="login()[pri:0, instance:com.testscripts.TC_001Login@ccb4b1b]" started-at="2023-10-16T14:28:40 IST" name="login" finished-at="2023-10-16T14:28:44 IST" duration-ms="3472" status="PASS">
          <reporter-output>
          </reporter-output>
        </test-method> <!-- login -->
        <test-method signature="buyingProduct()[pri:0, instance:com.testscripts.TC_001Login@ccb4b1b]" started-at="2023-10-16T14:28:44 IST" name="buyingProduct" finished-at="2023-10-16T14:28:50 IST" duration-ms="6210" status="PASS">
          <reporter-output>
          </reporter-output>
        </test-method> <!-- buyingProduct -->
        <test-method is-config="true" signature="tearDown()[pri:0, instance:com.testscripts.TC_001Login@ccb4b1b]" started-at="2023-10-16T14:28:50 IST" name="tearDown" finished-at="2023-10-16T14:28:50 IST" duration-ms="250" status="PASS">
          <reporter-output>
          </reporter-output>
        </test-method> <!-- tearDown -->
      </class> <!-- com.testscripts.TC_001Login -->
    </test> <!-- Test -->
  </suite> <!-- SauceDemo -->
</testng-results>
