<?xml version="1.0" encoding="UTF-8"?>
<testng-results ignored="0" total="1" passed="1" failed="0" skipped="0">
  <reporter-output>
  </reporter-output>
  <suite started-at="2023-10-16T10:26:18 IST" name="Default suite" finished-at="2023-10-16T10:26:34 IST" duration-ms="15344">
    <groups>
    </groups>
    <test started-at="2023-10-16T10:26:18 IST" name="Default test" finished-at="2023-10-16T10:26:34 IST" duration-ms="15344">
      <class name="com.testscripts.TC_001Login">
        <test-method is-config="true" signature="setup()[pri:0, instance:com.testscripts.TC_001Login@2a2c13a8]" started-at="2023-10-16T10:26:18 IST" name="setup" finished-at="2023-10-16T10:26:22 IST" duration-ms="3539" status="PASS">
          <reporter-output>
          </reporter-output>
        </test-method> <!-- setup -->
        <test-method is-config="true" signature="login()[pri:0, instance:com.testscripts.TC_001Login@2a2c13a8]" started-at="2023-10-16T10:26:22 IST" name="login" finished-at="2023-10-16T10:26:26 IST" duration-ms="3558" status="PASS">
          <reporter-output>
          </reporter-output>
        </test-method> <!-- login -->
        <test-method signature="buyingProduct()[pri:0, instance:com.testscripts.TC_001Login@2a2c13a8]" started-at="2023-10-16T10:26:26 IST" name="buyingProduct" finished-at="2023-10-16T10:26:33 IST" duration-ms="7826" status="PASS">
          <reporter-output>
          </reporter-output>
        </test-method> <!-- buyingProduct -->
        <test-method is-config="true" signature="tearDown()[pri:0, instance:com.testscripts.TC_001Login@2a2c13a8]" started-at="2023-10-16T10:26:33 IST" name="tearDown" finished-at="2023-10-16T10:26:34 IST" duration-ms="328" status="PASS">
          <reporter-output>
          </reporter-output>
        </test-method> <!-- tearDown -->
      </class> <!-- com.testscripts.TC_001Login -->
    </test> <!-- Default test -->
  </suite> <!-- Default suite -->
</testng-results>
